mode: set
github.com/joshuapare/gohivex/cmd/gohivex/tui/keytree/cursor.go:28.89,34.2 1 1
github.com/joshuapare/gohivex/cmd/gohivex/tui/keytree/cursor.go:37.66,39.2 1 0
github.com/joshuapare/gohivex/cmd/gohivex/tui/keytree/cursor.go:43.90,47.2 3 0
github.com/joshuapare/gohivex/cmd/gohivex/tui/keytree/cursor.go:53.79,57.33 2 1
github.com/joshuapare/gohivex/cmd/gohivex/tui/keytree/cursor.go:57.33,59.3 1 0
github.com/joshuapare/gohivex/cmd/gohivex/tui/keytree/cursor.go:62.2,62.28 1 1
github.com/joshuapare/gohivex/cmd/gohivex/tui/keytree/cursor.go:62.28,64.3 1 0
github.com/joshuapare/gohivex/cmd/gohivex/tui/keytree/cursor.go:67.2,71.21 2 1
github.com/joshuapare/gohivex/cmd/gohivex/tui/keytree/cursor.go:71.21,74.3 2 1
github.com/joshuapare/gohivex/cmd/gohivex/tui/keytree/cursor.go:74.8,76.3 1 0
github.com/joshuapare/gohivex/cmd/gohivex/tui/keytree/cursor.go:79.2,81.13 2 1
github.com/joshuapare/gohivex/cmd/gohivex/tui/keytree/cursor.go:86.70,87.26 1 0
github.com/joshuapare/gohivex/cmd/gohivex/tui/keytree/cursor.go:87.26,89.3 1 0
github.com/joshuapare/gohivex/cmd/gohivex/tui/keytree/cursor.go:90.2,90.47 1 0
github.com/joshuapare/gohivex/cmd/gohivex/tui/keytree/cursor.go:95.72,96.47 1 1
github.com/joshuapare/gohivex/cmd/gohivex/tui/keytree/cursor.go:96.47,98.3 1 1
github.com/joshuapare/gohivex/cmd/gohivex/tui/keytree/cursor.go:99.2,99.47 1 0
github.com/joshuapare/gohivex/cmd/gohivex/tui/keytree/cursor.go:103.70,105.2 1 0
github.com/joshuapare/gohivex/cmd/gohivex/tui/keytree/cursor.go:108.68,110.18 2 0
github.com/joshuapare/gohivex/cmd/gohivex/tui/keytree/cursor.go:110.18,112.3 1 0
github.com/joshuapare/gohivex/cmd/gohivex/tui/keytree/cursor.go:118.39,119.22 1 1
github.com/joshuapare/gohivex/cmd/gohivex/tui/keytree/cursor.go:119.22,121.3 1 1
github.com/joshuapare/gohivex/cmd/gohivex/tui/keytree/cursor.go:123.2,124.17 2 0
github.com/joshuapare/gohivex/cmd/gohivex/tui/keytree/cursor.go:124.17,138.3 1 0
github.com/joshuapare/gohivex/cmd/gohivex/tui/keytree/cursor.go:142.39,144.2 1 1
github.com/joshuapare/gohivex/cmd/gohivex/tui/keytree/cursor.go:147.39,149.2 1 0
github.com/joshuapare/gohivex/cmd/gohivex/tui/keytree/expand_manager.go:21.72,26.2 1 1
github.com/joshuapare/gohivex/cmd/gohivex/tui/keytree/expand_manager.go:29.84,31.38 2 1
github.com/joshuapare/gohivex/cmd/gohivex/tui/keytree/expand_manager.go:31.38,33.3 1 1
github.com/joshuapare/gohivex/cmd/gohivex/tui/keytree/expand_manager.go:36.2,36.19 1 1
github.com/joshuapare/gohivex/cmd/gohivex/tui/keytree/expand_manager.go:36.19,39.3 2 1
github.com/joshuapare/gohivex/cmd/gohivex/tui/keytree/expand_manager.go:42.2,42.56 1 1
github.com/joshuapare/gohivex/cmd/gohivex/tui/keytree/expand_manager.go:42.56,44.3 1 1
github.com/joshuapare/gohivex/cmd/gohivex/tui/keytree/expand_manager.go:47.2,48.23 2 1
github.com/joshuapare/gohivex/cmd/gohivex/tui/keytree/expand_manager.go:48.23,50.3 1 1
github.com/joshuapare/gohivex/cmd/gohivex/tui/keytree/expand_manager.go:53.2,53.35 1 0
github.com/joshuapare/gohivex/cmd/gohivex/tui/keytree/expand_manager.go:53.35,56.3 2 0
github.com/joshuapare/gohivex/cmd/gohivex/tui/keytree/expand_manager.go:59.2,64.12 5 0
github.com/joshuapare/gohivex/cmd/gohivex/tui/keytree/expand_manager.go:68.68,70.29 2 1
github.com/joshuapare/gohivex/cmd/gohivex/tui/keytree/expand_manager.go:70.29,72.3 1 0
github.com/joshuapare/gohivex/cmd/gohivex/tui/keytree/expand_manager.go:74.2,79.33 4 1
github.com/joshuapare/gohivex/cmd/gohivex/tui/keytree/expand_manager.go:79.33,80.32 1 1
github.com/joshuapare/gohivex/cmd/gohivex/tui/keytree/expand_manager.go:80.32,82.4 1 1
github.com/joshuapare/gohivex/cmd/gohivex/tui/keytree/expand_manager.go:85.2,85.23 1 1
github.com/joshuapare/gohivex/cmd/gohivex/tui/keytree/expand_manager.go:85.23,98.3 8 1
github.com/joshuapare/gohivex/cmd/gohivex/tui/keytree/expand_manager.go:100.2,100.12 1 1
github.com/joshuapare/gohivex/cmd/gohivex/tui/keytree/expand_manager.go:104.67,106.29 2 1
github.com/joshuapare/gohivex/cmd/gohivex/tui/keytree/expand_manager.go:106.29,108.3 1 0
github.com/joshuapare/gohivex/cmd/gohivex/tui/keytree/expand_manager.go:110.2,112.34 2 1
github.com/joshuapare/gohivex/cmd/gohivex/tui/keytree/expand_manager.go:112.34,118.3 4 0
github.com/joshuapare/gohivex/cmd/gohivex/tui/keytree/expand_manager.go:120.2,128.37 5 1
github.com/joshuapare/gohivex/cmd/gohivex/tui/keytree/expand_manager.go:128.37,129.47 1 1
github.com/joshuapare/gohivex/cmd/gohivex/tui/keytree/expand_manager.go:129.47,130.12 1 1
github.com/joshuapare/gohivex/cmd/gohivex/tui/keytree/expand_manager.go:133.3,134.40 2 1
github.com/joshuapare/gohivex/cmd/gohivex/tui/keytree/expand_manager.go:134.40,135.12 1 0
github.com/joshuapare/gohivex/cmd/gohivex/tui/keytree/expand_manager.go:139.3,140.17 2 1
github.com/joshuapare/gohivex/cmd/gohivex/tui/keytree/expand_manager.go:140.17,143.12 2 1
github.com/joshuapare/gohivex/cmd/gohivex/tui/keytree/expand_manager.go:146.3,160.37 2 0
github.com/joshuapare/gohivex/cmd/gohivex/tui/keytree/expand_manager.go:163.2,166.43 2 1
github.com/joshuapare/gohivex/cmd/gohivex/tui/keytree/expand_manager.go:166.43,168.3 1 0
github.com/joshuapare/gohivex/cmd/gohivex/tui/keytree/expand_manager.go:171.2,183.33 9 1
github.com/joshuapare/gohivex/cmd/gohivex/tui/keytree/expand_manager.go:183.33,185.3 1 0
github.com/joshuapare/gohivex/cmd/gohivex/tui/keytree/expand_manager.go:187.2,187.12 1 1
github.com/joshuapare/gohivex/cmd/gohivex/tui/keytree/expand_manager.go:191.52,194.29 3 1
github.com/joshuapare/gohivex/cmd/gohivex/tui/keytree/expand_manager.go:194.29,196.3 1 0
github.com/joshuapare/gohivex/cmd/gohivex/tui/keytree/expand_manager.go:198.2,201.20 3 1
github.com/joshuapare/gohivex/cmd/gohivex/tui/keytree/expand_manager.go:201.20,203.24 1 1
github.com/joshuapare/gohivex/cmd/gohivex/tui/keytree/expand_manager.go:203.24,205.4 1 1
github.com/joshuapare/gohivex/cmd/gohivex/tui/keytree/expand_manager.go:206.3,207.9 2 1
github.com/joshuapare/gohivex/cmd/gohivex/tui/keytree/expand_manager.go:210.2,225.47 12 1
github.com/joshuapare/gohivex/cmd/gohivex/tui/keytree/expand_manager.go:229.37,231.2 1 0
github.com/joshuapare/gohivex/cmd/gohivex/tui/keytree/expand_manager.go:234.60,251.29 12 1
github.com/joshuapare/gohivex/cmd/gohivex/tui/keytree/expand_manager.go:251.29,252.54 1 1
github.com/joshuapare/gohivex/cmd/gohivex/tui/keytree/expand_manager.go:252.54,255.12 3 1
github.com/joshuapare/gohivex/cmd/gohivex/tui/keytree/expand_manager.go:258.3,258.58 1 1
github.com/joshuapare/gohivex/cmd/gohivex/tui/keytree/expand_manager.go:258.58,260.12 2 1
github.com/joshuapare/gohivex/cmd/gohivex/tui/keytree/expand_manager.go:263.3,264.36 2 1
github.com/joshuapare/gohivex/cmd/gohivex/tui/keytree/expand_manager.go:266.2,276.59 7 1
github.com/joshuapare/gohivex/cmd/gohivex/tui/keytree/expand_manager.go:276.59,278.3 1 0
github.com/joshuapare/gohivex/cmd/gohivex/tui/keytree/expand_manager.go:280.2,282.31 2 1
github.com/joshuapare/gohivex/cmd/gohivex/tui/keytree/expand_manager.go:286.60,289.2 2 1
github.com/joshuapare/gohivex/cmd/gohivex/tui/keytree/expand_manager.go:292.71,296.29 3 1
github.com/joshuapare/gohivex/cmd/gohivex/tui/keytree/expand_manager.go:296.29,298.53 1 1
github.com/joshuapare/gohivex/cmd/gohivex/tui/keytree/expand_manager.go:298.53,300.4 1 1
github.com/joshuapare/gohivex/cmd/gohivex/tui/keytree/expand_manager.go:303.2,303.29 1 1
github.com/joshuapare/gohivex/cmd/gohivex/tui/keytree/expand_manager.go:307.41,311.29 3 1
github.com/joshuapare/gohivex/cmd/gohivex/tui/keytree/expand_manager.go:311.29,313.3 1 0
github.com/joshuapare/gohivex/cmd/gohivex/tui/keytree/expand_manager.go:315.2,316.30 2 1
github.com/joshuapare/gohivex/cmd/gohivex/tui/keytree/expand_manager.go:316.30,318.3 1 1
github.com/joshuapare/gohivex/cmd/gohivex/tui/keytree/expand_manager.go:321.2,321.29 1 1
github.com/joshuapare/gohivex/cmd/gohivex/tui/keytree/expand_manager.go:321.29,322.38 1 1
github.com/joshuapare/gohivex/cmd/gohivex/tui/keytree/expand_manager.go:322.38,325.4 2 1
github.com/joshuapare/gohivex/cmd/gohivex/tui/keytree/loader.go:14.46,15.24 1 0
github.com/joshuapare/gohivex/cmd/gohivex/tui/keytree/loader.go:15.24,18.17 2 0
github.com/joshuapare/gohivex/cmd/gohivex/tui/keytree/loader.go:18.17,20.4 1 0
github.com/joshuapare/gohivex/cmd/gohivex/tui/keytree/loader.go:23.3,24.17 2 0
github.com/joshuapare/gohivex/cmd/gohivex/tui/keytree/loader.go:24.17,27.4 2 0
github.com/joshuapare/gohivex/cmd/gohivex/tui/keytree/loader.go:30.3,32.17 3 0
github.com/joshuapare/gohivex/cmd/gohivex/tui/keytree/loader.go:32.17,35.4 2 0
github.com/joshuapare/gohivex/cmd/gohivex/tui/keytree/loader.go:37.3,40.4 1 0
github.com/joshuapare/gohivex/cmd/gohivex/tui/keytree/loader.go:54.9,57.16 2 0
github.com/joshuapare/gohivex/cmd/gohivex/tui/keytree/loader.go:57.16,59.3 1 0
github.com/joshuapare/gohivex/cmd/gohivex/tui/keytree/loader.go:62.2,63.22 2 0
github.com/joshuapare/gohivex/cmd/gohivex/tui/keytree/loader.go:63.22,65.3 1 0
github.com/joshuapare/gohivex/cmd/gohivex/tui/keytree/loader.go:68.2,68.13 1 0
github.com/joshuapare/gohivex/cmd/gohivex/tui/keytree/loader.go:68.13,82.3 2 0
github.com/joshuapare/gohivex/cmd/gohivex/tui/keytree/loader.go:85.2,85.22 1 0
github.com/joshuapare/gohivex/cmd/gohivex/tui/keytree/loader.go:85.22,87.17 2 0
github.com/joshuapare/gohivex/cmd/gohivex/tui/keytree/loader.go:87.17,89.4 1 0
github.com/joshuapare/gohivex/cmd/gohivex/tui/keytree/loader.go:91.3,91.36 1 0
github.com/joshuapare/gohivex/cmd/gohivex/tui/keytree/loader.go:91.36,96.14 4 0
github.com/joshuapare/gohivex/cmd/gohivex/tui/keytree/loader.go:96.14,100.5 3 0
github.com/joshuapare/gohivex/cmd/gohivex/tui/keytree/loader.go:102.4,103.18 2 0
github.com/joshuapare/gohivex/cmd/gohivex/tui/keytree/loader.go:103.18,106.5 1 0
github.com/joshuapare/gohivex/cmd/gohivex/tui/keytree/loader.go:110.2,110.12 1 0
github.com/joshuapare/gohivex/cmd/gohivex/tui/keytree/loader.go:114.57,115.24 1 0
github.com/joshuapare/gohivex/cmd/gohivex/tui/keytree/loader.go:115.24,117.17 2 0
github.com/joshuapare/gohivex/cmd/gohivex/tui/keytree/loader.go:117.17,119.4 1 0
github.com/joshuapare/gohivex/cmd/gohivex/tui/keytree/loader.go:122.3,123.26 2 0
github.com/joshuapare/gohivex/cmd/gohivex/tui/keytree/loader.go:123.26,131.4 1 0
github.com/joshuapare/gohivex/cmd/gohivex/tui/keytree/loader.go:132.3,132.57 1 0
github.com/joshuapare/gohivex/cmd/gohivex/tui/keytree/messages.go:10.32,12.2 1 0
github.com/joshuapare/gohivex/cmd/gohivex/tui/keytree/model.go:36.38,50.2 5 1
github.com/joshuapare/gohivex/cmd/gohivex/tui/keytree/model.go:53.31,54.21 1 0
github.com/joshuapare/gohivex/cmd/gohivex/tui/keytree/model.go:54.21,58.3 3 0
github.com/joshuapare/gohivex/cmd/gohivex/tui/keytree/model.go:59.2,59.12 1 0
github.com/joshuapare/gohivex/cmd/gohivex/tui/keytree/model.go:63.31,65.2 1 0
github.com/joshuapare/gohivex/cmd/gohivex/tui/keytree/model.go:68.54,70.23 1 0
github.com/joshuapare/gohivex/cmd/gohivex/tui/keytree/model.go:70.23,73.3 2 0
github.com/joshuapare/gohivex/cmd/gohivex/tui/keytree/model.go:75.2,77.27 2 0
github.com/joshuapare/gohivex/cmd/gohivex/tui/keytree/model.go:78.21,84.34 3 0
github.com/joshuapare/gohivex/cmd/gohivex/tui/keytree/model.go:84.34,86.4 1 0
github.com/joshuapare/gohivex/cmd/gohivex/tui/keytree/model.go:89.3,90.34 2 0
github.com/joshuapare/gohivex/cmd/gohivex/tui/keytree/model.go:90.34,91.23 1 0
github.com/joshuapare/gohivex/cmd/gohivex/tui/keytree/model.go:91.23,93.5 1 0
github.com/joshuapare/gohivex/cmd/gohivex/tui/keytree/model.go:95.3,104.17 5 0
github.com/joshuapare/gohivex/cmd/gohivex/tui/keytree/model.go:106.25,109.32 2 0
github.com/joshuapare/gohivex/cmd/gohivex/tui/keytree/model.go:109.32,122.4 2 0
github.com/joshuapare/gohivex/cmd/gohivex/tui/keytree/model.go:123.3,130.17 5 0
github.com/joshuapare/gohivex/cmd/gohivex/tui/keytree/model.go:132.26,136.30 3 0
github.com/joshuapare/gohivex/cmd/gohivex/tui/keytree/model.go:136.30,137.31 1 0
github.com/joshuapare/gohivex/cmd/gohivex/tui/keytree/model.go:137.31,139.10 2 0
github.com/joshuapare/gohivex/cmd/gohivex/tui/keytree/model.go:143.3,143.21 1 0
github.com/joshuapare/gohivex/cmd/gohivex/tui/keytree/model.go:143.21,153.33 6 0
github.com/joshuapare/gohivex/cmd/gohivex/tui/keytree/model.go:153.33,166.5 2 0
github.com/joshuapare/gohivex/cmd/gohivex/tui/keytree/model.go:169.4,177.29 7 0
github.com/joshuapare/gohivex/cmd/gohivex/tui/keytree/model.go:177.29,181.5 2 0
github.com/joshuapare/gohivex/cmd/gohivex/tui/keytree/model.go:183.4,191.27 5 0
github.com/joshuapare/gohivex/cmd/gohivex/tui/keytree/model.go:191.27,196.33 4 0
github.com/joshuapare/gohivex/cmd/gohivex/tui/keytree/model.go:196.33,197.47 1 0
github.com/joshuapare/gohivex/cmd/gohivex/tui/keytree/model.go:197.47,202.12 5 0
github.com/joshuapare/gohivex/cmd/gohivex/tui/keytree/model.go:207.5,207.15 1 0
github.com/joshuapare/gohivex/cmd/gohivex/tui/keytree/model.go:207.15,210.6 2 0
github.com/joshuapare/gohivex/cmd/gohivex/tui/keytree/model.go:214.25,216.21 2 0
github.com/joshuapare/gohivex/cmd/gohivex/tui/keytree/model.go:220.2,221.16 2 0
github.com/joshuapare/gohivex/cmd/gohivex/tui/keytree/model.go:221.16,223.3 1 0
github.com/joshuapare/gohivex/cmd/gohivex/tui/keytree/model.go:225.2,225.16 1 0
github.com/joshuapare/gohivex/cmd/gohivex/tui/keytree/model.go:229.31,231.23 1 1
github.com/joshuapare/gohivex/cmd/gohivex/tui/keytree/model.go:231.23,234.3 2 0
github.com/joshuapare/gohivex/cmd/gohivex/tui/keytree/model.go:234.8,236.3 1 1
github.com/joshuapare/gohivex/cmd/gohivex/tui/keytree/model.go:237.2,237.26 1 1
github.com/joshuapare/gohivex/cmd/gohivex/tui/keytree/model.go:241.34,244.23 1 0
github.com/joshuapare/gohivex/cmd/gohivex/tui/keytree/model.go:244.23,246.3 1 0
github.com/joshuapare/gohivex/cmd/gohivex/tui/keytree/model.go:250.57,253.2 2 0
github.com/joshuapare/gohivex/cmd/gohivex/tui/keytree/model.go:257.26,259.2 1 0
github.com/joshuapare/gohivex/cmd/gohivex/tui/keytree/model.go:262.28,264.2 1 1
github.com/joshuapare/gohivex/cmd/gohivex/tui/keytree/model.go:267.38,269.2 1 1
github.com/joshuapare/gohivex/cmd/gohivex/tui/keytree/model.go:272.31,274.2 1 0
github.com/joshuapare/gohivex/cmd/gohivex/tui/keytree/model.go:277.29,279.2 1 0
github.com/joshuapare/gohivex/cmd/gohivex/tui/keytree/model.go:282.34,283.53 1 0
github.com/joshuapare/gohivex/cmd/gohivex/tui/keytree/model.go:283.53,285.3 1 0
github.com/joshuapare/gohivex/cmd/gohivex/tui/keytree/model.go:286.2,287.12 2 0
github.com/joshuapare/gohivex/cmd/gohivex/tui/keytree/model.go:291.28,294.2 2 0
github.com/joshuapare/gohivex/cmd/gohivex/tui/keytree/model.go:298.37,300.2 1 0
github.com/joshuapare/gohivex/cmd/gohivex/tui/keytree/model.go:303.34,305.17 2 0
github.com/joshuapare/gohivex/cmd/gohivex/tui/keytree/model.go:305.17,307.3 1 0
github.com/joshuapare/gohivex/cmd/gohivex/tui/keytree/model.go:308.2,308.11 1 0
github.com/joshuapare/gohivex/cmd/gohivex/tui/keytree/model.go:312.30,314.38 2 0
github.com/joshuapare/gohivex/cmd/gohivex/tui/keytree/model.go:314.38,316.3 1 0
github.com/joshuapare/gohivex/cmd/gohivex/tui/keytree/model.go:319.2,320.35 2 0
github.com/joshuapare/gohivex/cmd/gohivex/tui/keytree/model.go:320.35,321.37 1 0
github.com/joshuapare/gohivex/cmd/gohivex/tui/keytree/model.go:321.37,324.4 2 0
github.com/joshuapare/gohivex/cmd/gohivex/tui/keytree/model.go:329.45,331.38 2 0
github.com/joshuapare/gohivex/cmd/gohivex/tui/keytree/model.go:331.38,333.3 1 0
github.com/joshuapare/gohivex/cmd/gohivex/tui/keytree/model.go:336.2,339.30 2 0
github.com/joshuapare/gohivex/cmd/gohivex/tui/keytree/model.go:339.30,342.24 3 0
github.com/joshuapare/gohivex/cmd/gohivex/tui/keytree/model.go:342.24,344.4 1 0
github.com/joshuapare/gohivex/cmd/gohivex/tui/keytree/model.go:345.3,345.13 1 0
github.com/joshuapare/gohivex/cmd/gohivex/tui/keytree/model.go:349.2,350.23 2 0
github.com/joshuapare/gohivex/cmd/gohivex/tui/keytree/model.go:350.23,353.24 3 0
github.com/joshuapare/gohivex/cmd/gohivex/tui/keytree/model.go:353.24,355.4 1 0
github.com/joshuapare/gohivex/cmd/gohivex/tui/keytree/model.go:356.3,356.13 1 0
github.com/joshuapare/gohivex/cmd/gohivex/tui/keytree/model.go:360.2,364.23 3 0
github.com/joshuapare/gohivex/cmd/gohivex/tui/keytree/model.go:364.23,366.3 1 0
github.com/joshuapare/gohivex/cmd/gohivex/tui/keytree/model.go:368.2,368.12 1 0
github.com/joshuapare/gohivex/cmd/gohivex/tui/keytree/model.go:372.48,379.24 4 0
github.com/joshuapare/gohivex/cmd/gohivex/tui/keytree/model.go:379.24,384.28 3 0
github.com/joshuapare/gohivex/cmd/gohivex/tui/keytree/model.go:384.28,385.12 1 0
github.com/joshuapare/gohivex/cmd/gohivex/tui/keytree/model.go:389.3,392.30 4 0
github.com/joshuapare/gohivex/cmd/gohivex/tui/keytree/model.go:392.30,393.32 1 0
github.com/joshuapare/gohivex/cmd/gohivex/tui/keytree/model.go:393.32,396.10 3 0
github.com/joshuapare/gohivex/cmd/gohivex/tui/keytree/model.go:400.3,400.13 1 0
github.com/joshuapare/gohivex/cmd/gohivex/tui/keytree/model.go:400.13,402.12 2 0
github.com/joshuapare/gohivex/cmd/gohivex/tui/keytree/model.go:405.3,406.31 2 0
github.com/joshuapare/gohivex/cmd/gohivex/tui/keytree/model.go:406.31,407.12 1 0
github.com/joshuapare/gohivex/cmd/gohivex/tui/keytree/model.go:411.3,411.37 1 0
github.com/joshuapare/gohivex/cmd/gohivex/tui/keytree/model.go:411.37,415.23 2 0
github.com/joshuapare/gohivex/cmd/gohivex/tui/keytree/model.go:415.23,417.19 2 0
github.com/joshuapare/gohivex/cmd/gohivex/tui/keytree/model.go:417.19,420.6 2 0
github.com/joshuapare/gohivex/cmd/gohivex/tui/keytree/model.go:421.5,421.17 1 0
github.com/joshuapare/gohivex/cmd/gohivex/tui/keytree/model.go:425.4,426.11 2 0
github.com/joshuapare/gohivex/cmd/gohivex/tui/keytree/model.go:426.11,429.5 2 0
github.com/joshuapare/gohivex/cmd/gohivex/tui/keytree/model.go:432.4,434.25 3 0
github.com/joshuapare/gohivex/cmd/gohivex/tui/keytree/model.go:434.25,436.5 1 0
github.com/joshuapare/gohivex/cmd/gohivex/tui/keytree/model.go:436.10,438.5 1 0
github.com/joshuapare/gohivex/cmd/gohivex/tui/keytree/model.go:439.4,439.18 1 0
github.com/joshuapare/gohivex/cmd/gohivex/tui/keytree/model.go:439.18,441.13 2 0
github.com/joshuapare/gohivex/cmd/gohivex/tui/keytree/model.go:445.4,446.18 2 0
github.com/joshuapare/gohivex/cmd/gohivex/tui/keytree/model.go:446.18,448.13 2 0
github.com/joshuapare/gohivex/cmd/gohivex/tui/keytree/model.go:452.4,453.37 2 0
github.com/joshuapare/gohivex/cmd/gohivex/tui/keytree/model.go:453.37,455.19 2 0
github.com/joshuapare/gohivex/cmd/gohivex/tui/keytree/model.go:455.19,456.14 1 0
github.com/joshuapare/gohivex/cmd/gohivex/tui/keytree/model.go:459.5,460.26 2 0
github.com/joshuapare/gohivex/cmd/gohivex/tui/keytree/model.go:460.26,462.6 1 0
github.com/joshuapare/gohivex/cmd/gohivex/tui/keytree/model.go:464.5,475.39 2 0
github.com/joshuapare/gohivex/cmd/gohivex/tui/keytree/model.go:479.4,487.110 8 0
github.com/joshuapare/gohivex/cmd/gohivex/tui/keytree/model.go:491.3,499.30 7 0
github.com/joshuapare/gohivex/cmd/gohivex/tui/keytree/model.go:499.30,500.54 1 0
github.com/joshuapare/gohivex/cmd/gohivex/tui/keytree/model.go:500.54,502.5 1 0
github.com/joshuapare/gohivex/cmd/gohivex/tui/keytree/model.go:506.2,507.105 2 0
github.com/joshuapare/gohivex/cmd/gohivex/tui/keytree/model.go:511.55,518.24 4 0
github.com/joshuapare/gohivex/cmd/gohivex/tui/keytree/model.go:518.24,523.28 3 0
github.com/joshuapare/gohivex/cmd/gohivex/tui/keytree/model.go:523.28,524.12 1 0
github.com/joshuapare/gohivex/cmd/gohivex/tui/keytree/model.go:528.3,531.30 4 0
github.com/joshuapare/gohivex/cmd/gohivex/tui/keytree/model.go:531.30,532.32 1 0
github.com/joshuapare/gohivex/cmd/gohivex/tui/keytree/model.go:532.32,535.10 3 0
github.com/joshuapare/gohivex/cmd/gohivex/tui/keytree/model.go:539.3,539.13 1 0
github.com/joshuapare/gohivex/cmd/gohivex/tui/keytree/model.go:539.13,540.12 1 0
github.com/joshuapare/gohivex/cmd/gohivex/tui/keytree/model.go:543.3,544.31 2 0
github.com/joshuapare/gohivex/cmd/gohivex/tui/keytree/model.go:544.31,545.12 1 0
github.com/joshuapare/gohivex/cmd/gohivex/tui/keytree/model.go:549.3,549.37 1 0
github.com/joshuapare/gohivex/cmd/gohivex/tui/keytree/model.go:549.37,552.4 2 0
github.com/joshuapare/gohivex/cmd/gohivex/tui/keytree/model.go:552.9,558.4 4 0
github.com/joshuapare/gohivex/cmd/gohivex/tui/keytree/model.go:560.3,564.30 3 0
github.com/joshuapare/gohivex/cmd/gohivex/tui/keytree/model.go:564.30,565.54 1 0
github.com/joshuapare/gohivex/cmd/gohivex/tui/keytree/model.go:565.54,567.5 1 0
github.com/joshuapare/gohivex/cmd/gohivex/tui/keytree/model.go:571.2,572.112 2 0
github.com/joshuapare/gohivex/cmd/gohivex/tui/keytree/model.go:576.56,581.24 4 0
github.com/joshuapare/gohivex/cmd/gohivex/tui/keytree/model.go:581.24,584.3 2 0
github.com/joshuapare/gohivex/cmd/gohivex/tui/keytree/model.go:587.2,589.32 3 0
github.com/joshuapare/gohivex/cmd/gohivex/tui/keytree/model.go:589.32,591.3 1 0
github.com/joshuapare/gohivex/cmd/gohivex/tui/keytree/model.go:592.2,603.21 8 0
github.com/joshuapare/gohivex/cmd/gohivex/tui/keytree/model.go:603.21,609.49 4 0
github.com/joshuapare/gohivex/cmd/gohivex/tui/keytree/model.go:609.49,610.24 1 0
github.com/joshuapare/gohivex/cmd/gohivex/tui/keytree/model.go:610.24,611.29 1 0
github.com/joshuapare/gohivex/cmd/gohivex/tui/keytree/model.go:611.29,614.6 2 0
github.com/joshuapare/gohivex/cmd/gohivex/tui/keytree/model.go:619.2,624.29 4 0
github.com/joshuapare/gohivex/cmd/gohivex/tui/keytree/model.go:624.29,626.3 1 0
github.com/joshuapare/gohivex/cmd/gohivex/tui/keytree/model.go:627.2,638.42 8 0
github.com/joshuapare/gohivex/cmd/gohivex/tui/keytree/model.go:638.42,641.26 2 0
github.com/joshuapare/gohivex/cmd/gohivex/tui/keytree/model.go:641.26,643.4 1 0
github.com/joshuapare/gohivex/cmd/gohivex/tui/keytree/model.go:644.3,647.20 2 0
github.com/joshuapare/gohivex/cmd/gohivex/tui/keytree/model.go:647.20,649.49 1 0
github.com/joshuapare/gohivex/cmd/gohivex/tui/keytree/model.go:649.49,651.5 1 0
github.com/joshuapare/gohivex/cmd/gohivex/tui/keytree/model.go:656.2,656.36 1 0
github.com/joshuapare/gohivex/cmd/gohivex/tui/keytree/model.go:656.36,660.42 2 0
github.com/joshuapare/gohivex/cmd/gohivex/tui/keytree/model.go:660.42,661.88 1 0
github.com/joshuapare/gohivex/cmd/gohivex/tui/keytree/model.go:661.88,663.10 2 0
github.com/joshuapare/gohivex/cmd/gohivex/tui/keytree/model.go:667.3,667.13 1 0
github.com/joshuapare/gohivex/cmd/gohivex/tui/keytree/model.go:667.13,669.4 1 0
github.com/joshuapare/gohivex/cmd/gohivex/tui/keytree/model.go:672.2,688.166 12 0
github.com/joshuapare/gohivex/cmd/gohivex/tui/keytree/model.go:692.47,693.33 1 0
github.com/joshuapare/gohivex/cmd/gohivex/tui/keytree/model.go:693.33,696.24 2 0
github.com/joshuapare/gohivex/cmd/gohivex/tui/keytree/model.go:696.24,697.34 1 0
github.com/joshuapare/gohivex/cmd/gohivex/tui/keytree/model.go:697.34,701.10 4 0
github.com/joshuapare/gohivex/cmd/gohivex/tui/keytree/model.go:704.3,704.9 1 0
github.com/joshuapare/gohivex/cmd/gohivex/tui/keytree/model.go:707.2,713.45 4 0
github.com/joshuapare/gohivex/cmd/gohivex/tui/keytree/model.go:713.45,715.47 1 0
github.com/joshuapare/gohivex/cmd/gohivex/tui/keytree/model.go:715.47,716.12 1 0
github.com/joshuapare/gohivex/cmd/gohivex/tui/keytree/model.go:720.3,721.40 2 0
github.com/joshuapare/gohivex/cmd/gohivex/tui/keytree/model.go:721.40,722.12 1 0
github.com/joshuapare/gohivex/cmd/gohivex/tui/keytree/model.go:726.3,727.17 2 0
github.com/joshuapare/gohivex/cmd/gohivex/tui/keytree/model.go:727.17,731.12 2 0
github.com/joshuapare/gohivex/cmd/gohivex/tui/keytree/model.go:734.3,748.37 2 0
github.com/joshuapare/gohivex/cmd/gohivex/tui/keytree/model.go:751.2,754.43 2 0
github.com/joshuapare/gohivex/cmd/gohivex/tui/keytree/model.go:754.43,756.3 1 0
github.com/joshuapare/gohivex/cmd/gohivex/tui/keytree/model.go:759.2,761.23 3 0
github.com/joshuapare/gohivex/cmd/gohivex/tui/keytree/model.go:761.23,762.33 1 0
github.com/joshuapare/gohivex/cmd/gohivex/tui/keytree/model.go:762.33,764.9 2 0
github.com/joshuapare/gohivex/cmd/gohivex/tui/keytree/model.go:768.2,768.20 1 0
github.com/joshuapare/gohivex/cmd/gohivex/tui/keytree/model.go:768.20,782.33 9 0
github.com/joshuapare/gohivex/cmd/gohivex/tui/keytree/model.go:782.33,784.4 1 0
github.com/joshuapare/gohivex/cmd/gohivex/tui/keytree/model.go:787.2,787.20 1 0
github.com/joshuapare/gohivex/cmd/gohivex/tui/keytree/model.go:791.31,796.23 3 0
github.com/joshuapare/gohivex/cmd/gohivex/tui/keytree/model.go:796.23,799.22 2 0
github.com/joshuapare/gohivex/cmd/gohivex/tui/keytree/model.go:799.22,803.4 3 0
github.com/joshuapare/gohivex/cmd/gohivex/tui/keytree/model.go:807.2,814.29 5 0
github.com/joshuapare/gohivex/cmd/gohivex/tui/keytree/model.go:814.29,815.24 1 0
github.com/joshuapare/gohivex/cmd/gohivex/tui/keytree/model.go:815.24,817.4 1 0
github.com/joshuapare/gohivex/cmd/gohivex/tui/keytree/model.go:817.9,819.4 1 0
github.com/joshuapare/gohivex/cmd/gohivex/tui/keytree/model.go:820.3,820.26 1 0
github.com/joshuapare/gohivex/cmd/gohivex/tui/keytree/model.go:823.2,823.20 1 0
github.com/joshuapare/gohivex/cmd/gohivex/tui/keytree/model.go:827.46,829.17 2 0
github.com/joshuapare/gohivex/cmd/gohivex/tui/keytree/model.go:829.17,831.3 1 0
github.com/joshuapare/gohivex/cmd/gohivex/tui/keytree/model.go:833.2,837.23 3 0
github.com/joshuapare/gohivex/cmd/gohivex/tui/keytree/model.go:837.23,839.86 2 0
github.com/joshuapare/gohivex/cmd/gohivex/tui/keytree/model.go:839.86,845.32 3 0
github.com/joshuapare/gohivex/cmd/gohivex/tui/keytree/model.go:845.32,847.5 1 0
github.com/joshuapare/gohivex/cmd/gohivex/tui/keytree/model.go:847.10,847.47 1 0
github.com/joshuapare/gohivex/cmd/gohivex/tui/keytree/model.go:847.47,852.5 4 0
github.com/joshuapare/gohivex/cmd/gohivex/tui/keytree/model.go:855.4,855.30 1 0
github.com/joshuapare/gohivex/cmd/gohivex/tui/keytree/model.go:859.2,860.12 2 0
github.com/joshuapare/gohivex/cmd/gohivex/tui/keytree/model.go:864.42,866.17 2 0
github.com/joshuapare/gohivex/cmd/gohivex/tui/keytree/model.go:866.17,868.3 1 0
github.com/joshuapare/gohivex/cmd/gohivex/tui/keytree/model.go:870.2,876.23 4 0
github.com/joshuapare/gohivex/cmd/gohivex/tui/keytree/model.go:876.23,878.38 2 0
github.com/joshuapare/gohivex/cmd/gohivex/tui/keytree/model.go:878.38,880.39 1 0
github.com/joshuapare/gohivex/cmd/gohivex/tui/keytree/model.go:880.39,884.5 2 0
github.com/joshuapare/gohivex/cmd/gohivex/tui/keytree/model.go:885.4,885.43 1 0
github.com/joshuapare/gohivex/cmd/gohivex/tui/keytree/model.go:886.9,890.4 2 0
github.com/joshuapare/gohivex/cmd/gohivex/tui/keytree/model.go:893.2,897.50 3 0
github.com/joshuapare/gohivex/cmd/gohivex/tui/keytree/model.go:897.50,899.3 1 0
github.com/joshuapare/gohivex/cmd/gohivex/tui/keytree/model.go:901.2,901.20 1 0
github.com/joshuapare/gohivex/cmd/gohivex/tui/keytree/model.go:905.41,907.17 2 0
github.com/joshuapare/gohivex/cmd/gohivex/tui/keytree/model.go:907.17,909.3 1 0
github.com/joshuapare/gohivex/cmd/gohivex/tui/keytree/model.go:911.2,911.38 1 0
github.com/joshuapare/gohivex/cmd/gohivex/tui/keytree/model.go:915.58,921.34 4 0
github.com/joshuapare/gohivex/cmd/gohivex/tui/keytree/model.go:921.34,924.3 2 0
github.com/joshuapare/gohivex/cmd/gohivex/tui/keytree/model.go:926.2,930.37 3 0
github.com/joshuapare/gohivex/cmd/gohivex/tui/keytree/model.go:930.37,933.24 2 0
github.com/joshuapare/gohivex/cmd/gohivex/tui/keytree/model.go:933.24,934.35 1 0
github.com/joshuapare/gohivex/cmd/gohivex/tui/keytree/model.go:934.35,939.27 2 0
github.com/joshuapare/gohivex/cmd/gohivex/tui/keytree/model.go:939.27,941.38 1 0
github.com/joshuapare/gohivex/cmd/gohivex/tui/keytree/model.go:941.38,944.7 1 0
github.com/joshuapare/gohivex/cmd/gohivex/tui/keytree/model.go:944.12,951.21 5 0
github.com/joshuapare/gohivex/cmd/gohivex/tui/keytree/model.go:951.21,953.8 1 0
github.com/joshuapare/gohivex/cmd/gohivex/tui/keytree/model.go:956.5,956.10 1 0
github.com/joshuapare/gohivex/cmd/gohivex/tui/keytree/model.go:961.2,961.19 1 0
github.com/joshuapare/gohivex/cmd/gohivex/tui/keytree/model.go:961.19,963.3 1 0
github.com/joshuapare/gohivex/cmd/gohivex/tui/keytree/model.go:964.2,964.12 1 0
github.com/joshuapare/gohivex/cmd/gohivex/tui/keytree/model.go:968.57,974.23 4 0
github.com/joshuapare/gohivex/cmd/gohivex/tui/keytree/model.go:974.23,975.34 1 0
github.com/joshuapare/gohivex/cmd/gohivex/tui/keytree/model.go:975.34,977.9 2 0
github.com/joshuapare/gohivex/cmd/gohivex/tui/keytree/model.go:981.2,981.21 1 0
github.com/joshuapare/gohivex/cmd/gohivex/tui/keytree/model.go:981.21,983.3 1 0
github.com/joshuapare/gohivex/cmd/gohivex/tui/keytree/model.go:986.2,991.30 4 0
github.com/joshuapare/gohivex/cmd/gohivex/tui/keytree/model.go:991.30,994.46 2 0
github.com/joshuapare/gohivex/cmd/gohivex/tui/keytree/model.go:994.46,996.39 1 0
github.com/joshuapare/gohivex/cmd/gohivex/tui/keytree/model.go:996.39,999.19 2 0
github.com/joshuapare/gohivex/cmd/gohivex/tui/keytree/model.go:999.19,1003.14 2 0
github.com/joshuapare/gohivex/cmd/gohivex/tui/keytree/model.go:1006.5,1019.7 1 0
github.com/joshuapare/gohivex/cmd/gohivex/tui/keytree/model.go:1024.3,1024.46 1 0
github.com/joshuapare/gohivex/cmd/gohivex/tui/keytree/model.go:1024.46,1026.4 1 0
github.com/joshuapare/gohivex/cmd/gohivex/tui/keytree/model.go:1029.3,1036.111 7 0
github.com/joshuapare/gohivex/cmd/gohivex/tui/keytree/model.go:1039.2,1039.20 1 0
github.com/joshuapare/gohivex/cmd/gohivex/tui/keytree/model.go:1043.55,1044.22 1 0
github.com/joshuapare/gohivex/cmd/gohivex/tui/keytree/model.go:1044.22,1047.3 1 0
github.com/joshuapare/gohivex/cmd/gohivex/tui/keytree/model.go:1050.2,1051.43 2 0
github.com/joshuapare/gohivex/cmd/gohivex/tui/keytree/model.go:1051.43,1053.3 1 0
github.com/joshuapare/gohivex/cmd/gohivex/tui/keytree/model.go:1056.2,1057.43 2 0
github.com/joshuapare/gohivex/cmd/gohivex/tui/keytree/model.go:1061.59,1070.23 5 0
github.com/joshuapare/gohivex/cmd/gohivex/tui/keytree/model.go:1070.23,1071.34 1 0
github.com/joshuapare/gohivex/cmd/gohivex/tui/keytree/model.go:1071.34,1075.9 4 0
github.com/joshuapare/gohivex/cmd/gohivex/tui/keytree/model.go:1081.2,1081.26 1 0
github.com/joshuapare/gohivex/cmd/gohivex/tui/keytree/model.go:1081.26,1084.3 2 0
github.com/joshuapare/gohivex/cmd/gohivex/tui/keytree/model.go:1086.2,1086.12 1 0
github.com/joshuapare/gohivex/cmd/gohivex/tui/keytree/model.go:1092.57,1094.2 1 0
github.com/joshuapare/gohivex/cmd/gohivex/tui/keytree/model.go:1097.62,1099.2 1 0
github.com/joshuapare/gohivex/cmd/gohivex/tui/keytree/model.go:1102.66,1104.2 1 0
github.com/joshuapare/gohivex/cmd/gohivex/tui/keytree/model.go:1107.36,1109.2 1 0
github.com/joshuapare/gohivex/cmd/gohivex/tui/keytree/model.go:1112.37,1114.23 1 0
github.com/joshuapare/gohivex/cmd/gohivex/tui/keytree/model.go:1114.23,1116.3 1 0
github.com/joshuapare/gohivex/cmd/gohivex/tui/keytree/model.go:1117.2,1117.48 1 0
github.com/joshuapare/gohivex/cmd/gohivex/tui/keytree/model.go:1121.39,1123.23 1 0
github.com/joshuapare/gohivex/cmd/gohivex/tui/keytree/model.go:1123.23,1125.3 1 0
github.com/joshuapare/gohivex/cmd/gohivex/tui/keytree/model.go:1126.2,1126.48 1 0
github.com/joshuapare/gohivex/cmd/gohivex/tui/keytree/model.go:1130.33,1132.2 1 0
github.com/joshuapare/gohivex/cmd/gohivex/tui/keytree/model.go:1135.39,1137.2 1 0
github.com/joshuapare/gohivex/cmd/gohivex/tui/keytree/model.go:1140.35,1142.2 1 0
github.com/joshuapare/gohivex/cmd/gohivex/tui/keytree/model.go:1145.40,1147.2 1 0
github.com/joshuapare/gohivex/cmd/gohivex/tui/keytree/model.go:1150.47,1151.23 1 0
github.com/joshuapare/gohivex/cmd/gohivex/tui/keytree/model.go:1151.23,1153.3 1 0
github.com/joshuapare/gohivex/cmd/gohivex/tui/keytree/model.go:1154.2,1154.12 1 0
github.com/joshuapare/gohivex/cmd/gohivex/tui/keytree/model.go:1159.41,1160.23 1 0
github.com/joshuapare/gohivex/cmd/gohivex/tui/keytree/model.go:1160.23,1164.3 3 0
github.com/joshuapare/gohivex/cmd/gohivex/tui/keytree/model.go:1165.2,1166.10 2 0
github.com/joshuapare/gohivex/cmd/gohivex/tui/keytree/model.go:1170.45,1172.2 1 0
github.com/joshuapare/gohivex/cmd/gohivex/tui/keytree/model.go:1175.51,1177.2 1 0
github.com/joshuapare/gohivex/cmd/gohivex/tui/keytree/model.go:1180.47,1182.2 1 0
github.com/joshuapare/gohivex/cmd/gohivex/tui/keytree/model.go:1185.55,1187.2 1 0
github.com/joshuapare/gohivex/cmd/gohivex/tui/keytree/model.go:1190.61,1192.2 1 0
github.com/joshuapare/gohivex/cmd/gohivex/tui/keytree/model.go:1195.57,1197.2 1 0
github.com/joshuapare/gohivex/cmd/gohivex/tui/keytree/model.go:1200.34,1202.2 1 0
github.com/joshuapare/gohivex/cmd/gohivex/tui/keytree/model.go:1205.33,1207.2 1 1
github.com/joshuapare/gohivex/cmd/gohivex/tui/keytree/model.go:1211.72,1213.38 2 1
github.com/joshuapare/gohivex/cmd/gohivex/tui/keytree/model.go:1213.38,1215.3 1 0
github.com/joshuapare/gohivex/cmd/gohivex/tui/keytree/model.go:1217.2,1234.30 4 1
github.com/joshuapare/gohivex/cmd/gohivex/tui/keytree/model.go:1234.30,1236.3 1 0
github.com/joshuapare/gohivex/cmd/gohivex/tui/keytree/model.go:1239.2,1242.59 2 1
github.com/joshuapare/gohivex/cmd/gohivex/tui/keytree/navigator.go:17.32,21.2 1 1
github.com/joshuapare/gohivex/cmd/gohivex/tui/keytree/navigator.go:24.34,26.2 1 1
github.com/joshuapare/gohivex/cmd/gohivex/tui/keytree/navigator.go:29.40,31.2 1 1
github.com/joshuapare/gohivex/cmd/gohivex/tui/keytree/navigator.go:34.35,35.18 1 1
github.com/joshuapare/gohivex/cmd/gohivex/tui/keytree/navigator.go:35.18,38.3 2 1
github.com/joshuapare/gohivex/cmd/gohivex/tui/keytree/navigator.go:39.2,39.14 1 1
github.com/joshuapare/gohivex/cmd/gohivex/tui/keytree/navigator.go:43.49,44.27 1 1
github.com/joshuapare/gohivex/cmd/gohivex/tui/keytree/navigator.go:44.27,47.3 2 1
github.com/joshuapare/gohivex/cmd/gohivex/tui/keytree/navigator.go:48.2,48.14 1 1
github.com/joshuapare/gohivex/cmd/gohivex/tui/keytree/navigator.go:52.54,54.2 1 1
github.com/joshuapare/gohivex/cmd/gohivex/tui/keytree/navigator.go:57.61,59.2 1 1
github.com/joshuapare/gohivex/cmd/gohivex/tui/keytree/navigator.go:62.52,64.2 1 1
github.com/joshuapare/gohivex/cmd/gohivex/tui/keytree/navigator.go:68.99,70.24 2 1
github.com/joshuapare/gohivex/cmd/gohivex/tui/keytree/navigator.go:70.24,72.3 1 1
github.com/joshuapare/gohivex/cmd/gohivex/tui/keytree/navigator.go:74.2,76.27 3 1
github.com/joshuapare/gohivex/cmd/gohivex/tui/keytree/navigator.go:76.27,80.3 3 1
github.com/joshuapare/gohivex/cmd/gohivex/tui/keytree/navigator.go:80.8,80.49 1 1
github.com/joshuapare/gohivex/cmd/gohivex/tui/keytree/navigator.go:80.49,84.3 3 1
github.com/joshuapare/gohivex/cmd/gohivex/tui/keytree/navigator.go:88.2,89.20 2 1
github.com/joshuapare/gohivex/cmd/gohivex/tui/keytree/navigator.go:89.20,91.3 1 0
github.com/joshuapare/gohivex/cmd/gohivex/tui/keytree/navigator.go:93.2,94.20 2 1
github.com/joshuapare/gohivex/cmd/gohivex/tui/keytree/navigator.go:94.20,98.3 3 0
github.com/joshuapare/gohivex/cmd/gohivex/tui/keytree/navigator.go:99.2,99.29 1 1
github.com/joshuapare/gohivex/cmd/gohivex/tui/keytree/navigator.go:99.29,104.3 3 0
github.com/joshuapare/gohivex/cmd/gohivex/tui/keytree/navigator.go:106.2,106.17 1 1
github.com/joshuapare/gohivex/cmd/gohivex/tui/keytree/styles.go:56.59,57.16 1 0
github.com/joshuapare/gohivex/cmd/gohivex/tui/keytree/styles.go:58.23,59.24 1 0
github.com/joshuapare/gohivex/cmd/gohivex/tui/keytree/styles.go:60.25,61.26 1 0
github.com/joshuapare/gohivex/cmd/gohivex/tui/keytree/styles.go:62.26,63.27 1 0
github.com/joshuapare/gohivex/cmd/gohivex/tui/keytree/styles.go:64.27,65.28 1 0
github.com/joshuapare/gohivex/cmd/gohivex/tui/keytree/styles.go:66.10,67.28 1 0
github.com/joshuapare/gohivex/cmd/gohivex/tui/keytree/styles.go:72.52,73.16 1 0
github.com/joshuapare/gohivex/cmd/gohivex/tui/keytree/styles.go:74.23,75.25 1 0
github.com/joshuapare/gohivex/cmd/gohivex/tui/keytree/styles.go:76.25,77.27 1 0
github.com/joshuapare/gohivex/cmd/gohivex/tui/keytree/styles.go:78.26,79.28 1 0
github.com/joshuapare/gohivex/cmd/gohivex/tui/keytree/styles.go:80.27,81.29 1 0
github.com/joshuapare/gohivex/cmd/gohivex/tui/keytree/styles.go:82.10,83.29 1 0
github.com/joshuapare/gohivex/cmd/gohivex/tui/keytree/tree_state.go:28.32,36.2 1 1
github.com/joshuapare/gohivex/cmd/gohivex/tui/keytree/tree_state.go:39.40,41.2 1 1
github.com/joshuapare/gohivex/cmd/gohivex/tui/keytree/tree_state.go:44.48,46.2 1 1
github.com/joshuapare/gohivex/cmd/gohivex/tui/keytree/tree_state.go:49.37,51.2 1 1
github.com/joshuapare/gohivex/cmd/gohivex/tui/keytree/tree_state.go:54.45,56.2 1 1
github.com/joshuapare/gohivex/cmd/gohivex/tui/keytree/tree_state.go:59.38,61.2 1 1
github.com/joshuapare/gohivex/cmd/gohivex/tui/keytree/tree_state.go:64.47,65.41 1 1
github.com/joshuapare/gohivex/cmd/gohivex/tui/keytree/tree_state.go:65.41,67.3 1 1
github.com/joshuapare/gohivex/cmd/gohivex/tui/keytree/tree_state.go:68.2,68.12 1 1
github.com/joshuapare/gohivex/cmd/gohivex/tui/keytree/tree_state.go:72.51,74.2 1 1
github.com/joshuapare/gohivex/cmd/gohivex/tui/keytree/tree_state.go:77.62,79.2 1 1
github.com/joshuapare/gohivex/cmd/gohivex/tui/keytree/tree_state.go:82.49,84.2 1 1
github.com/joshuapare/gohivex/cmd/gohivex/tui/keytree/tree_state.go:87.58,89.2 1 1
github.com/joshuapare/gohivex/cmd/gohivex/tui/keytree/tree_state.go:92.47,94.2 1 1
github.com/joshuapare/gohivex/cmd/gohivex/tui/keytree/tree_state.go:97.65,100.2 2 1
github.com/joshuapare/gohivex/cmd/gohivex/tui/keytree/tree_state.go:103.67,105.2 1 1
github.com/joshuapare/gohivex/cmd/gohivex/tui/keytree/tree_state.go:109.71,112.2 2 1
github.com/joshuapare/gohivex/cmd/gohivex/tui/keytree/tree_state.go:116.41,119.2 2 0
github.com/joshuapare/gohivex/cmd/gohivex/tui/keytree/tree_state.go:126.115,130.16 3 1
github.com/joshuapare/gohivex/cmd/gohivex/tui/keytree/tree_state.go:131.23,133.26 1 1
github.com/joshuapare/gohivex/cmd/gohivex/tui/keytree/tree_state.go:133.26,135.4 1 0
github.com/joshuapare/gohivex/cmd/gohivex/tui/keytree/tree_state.go:135.9,137.4 1 1
github.com/joshuapare/gohivex/cmd/gohivex/tui/keytree/tree_state.go:138.3,138.20 1 1
github.com/joshuapare/gohivex/cmd/gohivex/tui/keytree/tree_state.go:138.20,140.4 1 1
github.com/joshuapare/gohivex/cmd/gohivex/tui/keytree/tree_state.go:141.3,141.27 1 0
github.com/joshuapare/gohivex/cmd/gohivex/tui/keytree/tree_state.go:143.25,145.26 1 0
github.com/joshuapare/gohivex/cmd/gohivex/tui/keytree/tree_state.go:145.26,147.4 1 0
github.com/joshuapare/gohivex/cmd/gohivex/tui/keytree/tree_state.go:147.9,149.4 1 0
github.com/joshuapare/gohivex/cmd/gohivex/tui/keytree/tree_state.go:150.3,150.20 1 0
github.com/joshuapare/gohivex/cmd/gohivex/tui/keytree/tree_state.go:150.20,152.4 1 0
github.com/joshuapare/gohivex/cmd/gohivex/tui/keytree/tree_state.go:153.3,153.27 1 0
github.com/joshuapare/gohivex/cmd/gohivex/tui/keytree/tree_state.go:155.47,157.26 1 0
github.com/joshuapare/gohivex/cmd/gohivex/tui/keytree/tree_state.go:157.26,159.4 1 0
github.com/joshuapare/gohivex/cmd/gohivex/tui/keytree/tree_state.go:159.9,161.4 1 0
github.com/joshuapare/gohivex/cmd/gohivex/tui/keytree/tree_state.go:162.3,162.26 1 0
github.com/joshuapare/gohivex/cmd/gohivex/tui/keytree/tree_state.go:162.26,164.4 1 0
github.com/joshuapare/gohivex/cmd/gohivex/tui/keytree/tree_state.go:164.9,166.4 1 0
github.com/joshuapare/gohivex/cmd/gohivex/tui/keytree/tree_state.go:167.3,167.37 1 0
github.com/joshuapare/gohivex/cmd/gohivex/tui/keytree/tree_state.go:167.37,169.4 1 0
github.com/joshuapare/gohivex/cmd/gohivex/tui/keytree/tree_state.go:170.3,170.35 1 0
github.com/joshuapare/gohivex/cmd/gohivex/tui/keytree/tree_state.go:172.10,173.61 1 0
github.com/joshuapare/gohivex/cmd/gohivex/tui/keytree/tree_state.go:178.53,180.2 1 1
github.com/joshuapare/gohivex/cmd/gohivex/tui/keytree/tree_state.go:183.62,185.2 1 1
github.com/joshuapare/gohivex/cmd/gohivex/tui/keytree/tree_state.go:188.58,197.29 7 1
github.com/joshuapare/gohivex/cmd/gohivex/tui/keytree/tree_state.go:197.29,199.77 2 1
github.com/joshuapare/gohivex/cmd/gohivex/tui/keytree/tree_state.go:199.77,201.4 1 1
github.com/joshuapare/gohivex/cmd/gohivex/tui/keytree/tree_state.go:203.2,207.31 3 1
github.com/joshuapare/gohivex/cmd/gohivex/tui/keytree/tree_state.go:207.31,210.3 2 1
github.com/joshuapare/gohivex/cmd/gohivex/tui/keytree/tree_state.go:211.2,215.93 3 1
